Using pre-set license
Built from '2022.3/staging' branch; Version is '2022.3.14f1 (eff2de9070d8) revision 15725278'; Using compiler version '192829333'; Build Type 'Release'
OS: 'Windows 11  (10.0.22631) 64bit Core' Language: 'en' Physical Memory: 16068 MB
BatchMode: 1, IsHumanControllingUs: 0, StartBugReporterOnCrash: 0, Is64bit: 1, IsPro: 1

COMMAND LINE ARGUMENTS:
C:\Program Files\Unity 2022.3.14f1\Editor\Unity.exe
-adb2
-batchMode
-noUpm
-name
AssetImportWorker2
-projectPath
C:/Github/AT01-Spookie-game/AT01 Spookie game
-logFile
Logs/AssetImportWorker2.log
-srvPort
60481
Successfully changed project path to: C:/Github/AT01-Spookie-game/AT01 Spookie game
C:/Github/AT01-Spookie-game/AT01 Spookie game
[UnityMemory] Configuration Parameters - Can be set up in boot.config
    "memorysetup-bucket-allocator-granularity=16"
    "memorysetup-bucket-allocator-bucket-count=8"
    "memorysetup-bucket-allocator-block-size=33554432"
    "memorysetup-bucket-allocator-block-count=8"
    "memorysetup-main-allocator-block-size=16777216"
    "memorysetup-thread-allocator-block-size=16777216"
    "memorysetup-gfx-main-allocator-block-size=16777216"
    "memorysetup-gfx-thread-allocator-block-size=16777216"
    "memorysetup-cache-allocator-block-size=4194304"
    "memorysetup-typetree-allocator-block-size=2097152"
    "memorysetup-profiler-bucket-allocator-granularity=16"
    "memorysetup-profiler-bucket-allocator-bucket-count=8"
    "memorysetup-profiler-bucket-allocator-block-size=33554432"
    "memorysetup-profiler-bucket-allocator-block-count=8"
    "memorysetup-profiler-allocator-block-size=16777216"
    "memorysetup-profiler-editor-allocator-block-size=1048576"
    "memorysetup-temp-allocator-size-main=16777216"
    "memorysetup-job-temp-allocator-block-size=2097152"
    "memorysetup-job-temp-allocator-block-size-background=1048576"
    "memorysetup-job-temp-allocator-reduction-small-platforms=262144"
    "memorysetup-allocator-temp-initial-block-size-main=262144"
    "memorysetup-allocator-temp-initial-block-size-worker=262144"
    "memorysetup-temp-allocator-size-background-worker=32768"
    "memorysetup-temp-allocator-size-job-worker=262144"
    "memorysetup-temp-allocator-size-preload-manager=33554432"
    "memorysetup-temp-allocator-size-nav-mesh-worker=65536"
    "memorysetup-temp-allocator-size-audio-worker=65536"
    "memorysetup-temp-allocator-size-cloud-worker=32768"
    "memorysetup-temp-allocator-size-gi-baking-worker=262144"
    "memorysetup-temp-allocator-size-gfx=262144"
Player connection [15500] Host "[IP] 192.168.0.28 [Port] 0 [Flags] 2 [Guid] 1648562037 [EditorId] 1648562037 [Version] 1048832 [Id] WindowsEditor(7,Spookie606) [Debug] 1 [PackageName] WindowsEditor [ProjectName] Editor" joined multi-casting on [225.0.0.222:54997]...

Player connection [15500] Host "[IP] 192.168.0.28 [Port] 0 [Flags] 2 [Guid] 1648562037 [EditorId] 1648562037 [Version] 1048832 [Id] WindowsEditor(7,Spookie606) [Debug] 1 [PackageName] WindowsEditor [ProjectName] Editor" joined alternative multi-casting on [225.0.0.222:34997]...

[Physics::Module] Initialized MultithreadedJobDispatcher with 15 workers.
Refreshing native plugins compatible for Editor in 6.61 ms, found 3 plugins.
Preloading 0 native plugins for Editor in 0.00 ms.
Initialize engine version: 2022.3.14f1 (eff2de9070d8)
[Subsystems] Discovering subsystems at path C:/Program Files/Unity 2022.3.14f1/Editor/Data/Resources/UnitySubsystems
[Subsystems] Discovering subsystems at path C:/Github/AT01-Spookie-game/AT01 Spookie game/Assets
GfxDevice: creating device client; threaded=0; jobified=0
Direct3D:
    Version:  Direct3D 11.0 [level 11.1]
    Renderer: NVIDIA GeForce RTX 3050 6GB Laptop GPU (ID=0x25ec)
    Vendor:   NVIDIA
    VRAM:     6016 MB
    Driver:   31.0.15.3623
Initialize mono
Mono path[0] = 'C:/Program Files/Unity 2022.3.14f1/Editor/Data/Managed'
Mono path[1] = 'C:/Program Files/Unity 2022.3.14f1/Editor/Data/MonoBleedingEdge/lib/mono/unityjit-win32'
Mono config path = 'C:/Program Files/Unity 2022.3.14f1/Editor/Data/MonoBleedingEdge/etc'
Using monoOptions --debugger-agent=transport=dt_socket,embedding=1,server=y,suspend=n,address=127.0.0.1:56380
Begin MonoManager ReloadAssembly
Registering precompiled unity dll's ...
Register platform support module: C:/Program Files/Unity 2022.3.14f1/Editor/Data/PlaybackEngines/WindowsStandaloneSupport/UnityEditor.WindowsStandalone.Extensions.dll
Registered in 0.004713 seconds.
- Loaded All Assemblies, in  0.341 seconds
Native extension for WindowsStandalone target not found
Mono: successfully reloaded assembly
- Finished resetting the current domain, in  0.233 seconds
Domain Reload Profiling: 572ms
	BeginReloadAssembly (110ms)
		ExecutionOrderSort (0ms)
		DisableScriptedObjects (0ms)
		BackupInstance (0ms)
		ReleaseScriptingObjects (0ms)
		CreateAndSetChildDomain (1ms)
	RebuildCommonClasses (28ms)
	RebuildNativeTypeToScriptingClass (8ms)
	initialDomainReloadingComplete (52ms)
	LoadAllAssembliesAndSetupDomain (141ms)
		LoadAssemblies (108ms)
		RebuildTransferFunctionScriptingTraits (0ms)
		AnalyzeDomain (139ms)
			TypeCache.Refresh (137ms)
				TypeCache.ScanAssembly (122ms)
			ScanForSourceGeneratedMonoScriptInfo (0ms)
			ResolveRequiredComponents (1ms)
	FinalizeReload (233ms)
		ReleaseScriptCaches (0ms)
		RebuildScriptCaches (0ms)
		SetupLoadedEditorAssemblies (177ms)
			LogAssemblyErrors (0ms)
			InitializePlatformSupportModulesInManaged (7ms)
			SetLoadedEditorAssemblies (8ms)
			RefreshPlugins (0ms)
			BeforeProcessingInitializeOnLoad (2ms)
			ProcessInitializeOnLoadAttributes (112ms)
			ProcessInitializeOnLoadMethodAttributes (48ms)
			AfterProcessingInitializeOnLoad (0ms)
			EditorAssembliesLoaded (0ms)
		ExecutionOrderSort2 (0ms)
		AwakeInstancesAfterBackupRestoration (0ms)
========================================================================
Worker process is ready to serve import requests
Begin MonoManager ReloadAssembly
- Loaded All Assemblies, in  0.736 seconds
Refreshing native plugins compatible for Editor in 2.62 ms, found 3 plugins.
Native extension for WindowsStandalone target not found
Package Manager log level set to [2]
[Package Manager] Server::EnsureServerProcessIsRunning -- launch failed, reason: Unity was launched with the -noUpm command-line argument
[Package Manager] UpmClient::Send -- Unable to send message (not connected to UPM process).
[Package Manager] Cannot connect to Unity Package Manager local server
Mono: successfully reloaded assembly
- Finished resetting the current domain, in  0.510 seconds
Domain Reload Profiling: 1242ms
	BeginReloadAssembly (154ms)
		ExecutionOrderSort (0ms)
		DisableScriptedObjects (6ms)
		BackupInstance (0ms)
		ReleaseScriptingObjects (0ms)
		CreateAndSetChildDomain (22ms)
	RebuildCommonClasses (35ms)
	RebuildNativeTypeToScriptingClass (10ms)
	initialDomainReloadingComplete (47ms)
	LoadAllAssembliesAndSetupDomain (484ms)
		LoadAssemblies (362ms)
		RebuildTransferFunctionScriptingTraits (0ms)
		AnalyzeDomain (214ms)
			TypeCache.Refresh (197ms)
				TypeCache.ScanAssembly (181ms)
			ScanForSourceGeneratedMonoScriptInfo (13ms)
			ResolveRequiredComponents (3ms)
	FinalizeReload (511ms)
		ReleaseScriptCaches (0ms)
		RebuildScriptCaches (0ms)
		SetupLoadedEditorAssemblies (365ms)
			LogAssemblyErrors (0ms)
			InitializePlatformSupportModulesInManaged (5ms)
			SetLoadedEditorAssemblies (4ms)
			RefreshPlugins (0ms)
			BeforeProcessingInitializeOnLoad (61ms)
			ProcessInitializeOnLoadAttributes (261ms)
			ProcessInitializeOnLoadMethodAttributes (25ms)
			AfterProcessingInitializeOnLoad (9ms)
			EditorAssembliesLoaded (0ms)
		ExecutionOrderSort2 (0ms)
		AwakeInstancesAfterBackupRestoration (6ms)
Launched and connected shader compiler UnityShaderCompiler.exe after 0.08 seconds
Refreshing native plugins compatible for Editor in 4.36 ms, found 3 plugins.
Preloading 0 native plugins for Editor in 0.00 ms.
Unloading 3162 Unused Serialized files (Serialized files now loaded: 0)
Unloading 32 unused Assets / (56.8 KB). Loaded Objects now: 3625.
Memory consumption went from 128.2 MB to 128.1 MB.
Total: 3.485200 ms (FindLiveObjects: 0.530000 ms CreateObjectMapping: 0.653400 ms MarkObjects: 2.170400 ms  DeleteObjects: 0.129700 ms)

AssetImportParameters requested are different than current active one (requested -> active):
  custom:container-demuxer-ogg: 62fdf1f143b41e24485cea50d1cbac27 -> 
  custom:video-codec-MediaFoundation-h265: 746d11721c4dcdbdad8f713fa42b33f4 -> 
  custom:video-decoder-ogg-theora: a1e56fd34408186e4bbccfd4996cb3dc -> 
  custom:framework-win-MediaFoundation: 216162199b28c13a410421893ffa2e32 -> 
  custom:CustomObjectIndexerAttribute: 756ad292c208cfabdd7b50bc23989ffe -> 
  custom:container-demuxer-webm: 4f35f7cbe854078d1ac9338744f61a02 -> 
  custom:container-muxer-webm: aa71ff27fc2769a1b78a27578f13a17b -> 
  custom:video-decoder-webm-vp8: 9c59270c3fd7afecdb556c50c9e8de78 -> 
  custom:SearchIndexIgnoredProperties: e643bd26f0fe6173181afceb89e7c659 -> 
  custom:AudioImporter_EditorPlatform: d09bf68614088b80899f8185d706f6e7 -> 
  custom:video-encoder-webm-vp8: eb34c28f22e8b96e1ab97ce403110664 -> 
  custom:audio-decoder-ogg-vorbis: bf7c407c2cedff20999df2af8eb42d56 -> 
  custom:audio-encoder-webm-vorbis: bf7c407c2cedff20999df2af8eb42d56 -> 
========================================================================
Received Import Request.
  Time since last request: 65961.168334 seconds.
  path: Assets/Model/Mini Simple Characters Skeleton Demo/Materials/Material Variations/Mini Simple Characters Mat Yellow Bones.mat
  artifactKey: Guid(38bd75ac464d4484fa716e40e63f9831) Importer(815301076,1909f56bfc062723c751e8b465ee728b)
Start importing Assets/Model/Mini Simple Characters Skeleton Demo/Materials/Material Variations/Mini Simple Characters Mat Yellow Bones.mat using Guid(38bd75ac464d4484fa716e40e63f9831) Importer(815301076,1909f56bfc062723c751e8b465ee728b)  -> (artifact id: '8f7c66ef9fc1c71eb04fb441ea4e19c6') in 0.119907 seconds
Number of updated asset objects reloaded before import = 0
Number of asset objects unloaded after import = 2
========================================================================
Received Import Request.
  Time since last request: 0.000070 seconds.
  path: Assets/Model/Models/Blink/Art/Animals/Stylized/Bear/Bear_Animations/Bear_Idle.fbx
  artifactKey: Guid(1e0dfdbe57c95664481b506ea14982ba) Importer(815301076,1909f56bfc062723c751e8b465ee728b)
Start importing Assets/Model/Models/Blink/Art/Animals/Stylized/Bear/Bear_Animations/Bear_Idle.fbx using Guid(1e0dfdbe57c95664481b506ea14982ba) Importer(815301076,1909f56bfc062723c751e8b465ee728b)  -> (artifact id: 'bfd3cbbff7948b5865af75f4192a92cc') in 0.018729 seconds
Number of updated asset objects reloaded before import = 0
Number of asset objects unloaded after import = 134
========================================================================
Received Import Request.
  Time since last request: 0.000021 seconds.
  path: Assets/Model/Models/Weapons_FREE/Meshes/baseball_bat_001.fbx
  artifactKey: Guid(b5e70adfb8ea05e4b916b8ece9307065) Importer(815301076,1909f56bfc062723c751e8b465ee728b)
Start importing Assets/Model/Models/Weapons_FREE/Meshes/baseball_bat_001.fbx using Guid(b5e70adfb8ea05e4b916b8ece9307065) Importer(815301076,1909f56bfc062723c751e8b465ee728b)  -> (artifact id: 'bfd1643d1ad22d77e02ea2d08efa0e79') in 0.041612 seconds
Number of updated asset objects reloaded before import = 0
Number of asset objects unloaded after import = 8
========================================================================
Received Import Request.
  Time since last request: 0.000032 seconds.
  path: Assets/Model/Models/Weapons_FREE/Meshes/hockey_stick_001.fbx
  artifactKey: Guid(48aa8e14e5e9094409001d63953a788e) Importer(815301076,1909f56bfc062723c751e8b465ee728b)
Start importing Assets/Model/Models/Weapons_FREE/Meshes/hockey_stick_001.fbx using Guid(48aa8e14e5e9094409001d63953a788e) Importer(815301076,1909f56bfc062723c751e8b465ee728b)  -> (artifact id: 'dc2092f9c707afb62cb2dbe2ed225f0b') in 0.017954 seconds
Number of updated asset objects reloaded before import = 0
Number of asset objects unloaded after import = 8
========================================================================
Received Import Request.
  Time since last request: 0.000023 seconds.
  path: Assets/Model/Models/Weapons_FREE/Meshes/shotgun_handguard_001.fbx
  artifactKey: Guid(9685084b86c8e6b4caab6f907f7dda4f) Importer(815301076,1909f56bfc062723c751e8b465ee728b)
Start importing Assets/Model/Models/Weapons_FREE/Meshes/shotgun_handguard_001.fbx using Guid(9685084b86c8e6b4caab6f907f7dda4f) Importer(815301076,1909f56bfc062723c751e8b465ee728b)  -> (artifact id: '290e9c30448cfd1500438f336b263a92') in 0.014406 seconds
Number of updated asset objects reloaded before import = 0
Number of asset objects unloaded after import = 8
========================================================================
Received Import Request.
  Time since last request: 0.000021 seconds.
  path: Assets/Model/Models/Blink/Art/Animals/Stylized/Bear/Bear_Animations/Bear_Buff.fbx
  artifactKey: Guid(d614bdd708fc9914da3949d1b0c9cad8) Importer(815301076,1909f56bfc062723c751e8b465ee728b)
Start importing Assets/Model/Models/Blink/Art/Animals/Stylized/Bear/Bear_Animations/Bear_Buff.fbx using Guid(d614bdd708fc9914da3949d1b0c9cad8) Importer(815301076,1909f56bfc062723c751e8b465ee728b)  -> (artifact id: 'a56b01b1ac46fa46b5779a24114d641a') in 0.007203 seconds
Number of updated asset objects reloaded before import = 0
Number of asset objects unloaded after import = 134
========================================================================
Received Import Request.
  Time since last request: 0.000015 seconds.
  path: Assets/Model/Models/Blink/Art/Animals/Stylized/Bear/Bear_Materials/Bear_4.mat
  artifactKey: Guid(b614f09dade340f4aa841aafe3df42b9) Importer(815301076,1909f56bfc062723c751e8b465ee728b)
Start importing Assets/Model/Models/Blink/Art/Animals/Stylized/Bear/Bear_Materials/Bear_4.mat using Guid(b614f09dade340f4aa841aafe3df42b9) Importer(815301076,1909f56bfc062723c751e8b465ee728b)  -> (artifact id: '9916711f0847d9221a5ce41d216cf4c5') in 0.048884 seconds
Number of updated asset objects reloaded before import = 0
Number of asset objects unloaded after import = 5
========================================================================
Received Import Request.
  Time since last request: 0.000021 seconds.
  path: Assets/TextMesh Pro/Fonts/LiberationSans.ttf
  artifactKey: Guid(e3265ab4bf004d28a9537516768c1c75) Importer(815301076,1909f56bfc062723c751e8b465ee728b)
Start importing Assets/TextMesh Pro/Fonts/LiberationSans.ttf using Guid(e3265ab4bf004d28a9537516768c1c75) Importer(815301076,1909f56bfc062723c751e8b465ee728b)  -> (artifact id: '8756f7c291147a75e95d0f4a0d9e7e56') in 0.022063 seconds
Number of updated asset objects reloaded before import = 0
Number of asset objects unloaded after import = 4
========================================================================
Received Import Request.
  Time since last request: 0.000078 seconds.
  path: Assets/Model/Models/Blink/Art/Animals/Stylized/Bear/Bear_Animations/Bear_Sleep.fbx
  artifactKey: Guid(9526e1dddf33ebc43a98d410f7e49d8e) Importer(815301076,1909f56bfc062723c751e8b465ee728b)
Start importing Assets/Model/Models/Blink/Art/Animals/Stylized/Bear/Bear_Animations/Bear_Sleep.fbx using Guid(9526e1dddf33ebc43a98d410f7e49d8e) Importer(815301076,1909f56bfc062723c751e8b465ee728b)  -> (artifact id: '54d8a4f3c1122194f2be7e4f0c4addcc') in 0.007364 seconds
Number of updated asset objects reloaded before import = 0
Number of asset objects unloaded after import = 134
========================================================================
Received Import Request.
  Time since last request: 0.000014 seconds.
  path: Assets/Model/Models/Blink/Art/Animals/Stylized/Bear/Bear_Animations/Bear_RunBackward.fbx
  artifactKey: Guid(8c2ee54c140b7a14591bc2e3f39e4980) Importer(815301076,1909f56bfc062723c751e8b465ee728b)
Start importing Assets/Model/Models/Blink/Art/Animals/Stylized/Bear/Bear_Animations/Bear_RunBackward.fbx using Guid(8c2ee54c140b7a14591bc2e3f39e4980) Importer(815301076,1909f56bfc062723c751e8b465ee728b)  -> (artifact id: 'b2fdc4e20aca5c3f156803dbf54b2689') in 0.006168 seconds
Number of updated asset objects reloaded before import = 0
Number of asset objects unloaded after import = 134
========================================================================
Received Import Request.
  Time since last request: 0.000015 seconds.
  path: Assets/Model/Models/Blink/Art/Animals/Stylized/Bear/Bear_Animations/Bear_Eat.fbx
  artifactKey: Guid(7ece14db7c507c64089ee3e86e00ddb9) Importer(815301076,1909f56bfc062723c751e8b465ee728b)
Start importing Assets/Model/Models/Blink/Art/Animals/Stylized/Bear/Bear_Animations/Bear_Eat.fbx using Guid(7ece14db7c507c64089ee3e86e00ddb9) Importer(815301076,1909f56bfc062723c751e8b465ee728b)  -> (artifact id: '4b6052c816c284e61174c7770241650f') in 0.010440 seconds
Number of updated asset objects reloaded before import = 0
Number of asset objects unloaded after import = 134
========================================================================
Received Import Request.
  Time since last request: 0.000016 seconds.
  path: Assets/Model/Models/Blink/Art/Animals/Stylized/Bear/Bear_Prefabs/Bear_4.prefab
  artifactKey: Guid(f5b41ba4c79702547a89de7544b80656) Importer(815301076,1909f56bfc062723c751e8b465ee728b)
Start importing Assets/Model/Models/Blink/Art/Animals/Stylized/Bear/Bear_Prefabs/Bear_4.prefab using Guid(f5b41ba4c79702547a89de7544b80656) Importer(815301076,1909f56bfc062723c751e8b465ee728b)  -> (artifact id: '85af94e132ba928161555f8ae847f4dc') in 0.061910 seconds
Number of updated asset objects reloaded before import = 0
Number of asset objects unloaded after import = 205
========================================================================
Received Import Request.
  Time since last request: 3.959282 seconds.
  path: Assets/Scenes/SampleScene.unity
  artifactKey: Guid(9fc0d4010bbf28b4594072e72b8655ab) Importer(815301076,1909f56bfc062723c751e8b465ee728b)
Start importing Assets/Scenes/SampleScene.unity using Guid(9fc0d4010bbf28b4594072e72b8655ab) Importer(815301076,1909f56bfc062723c751e8b465ee728b)  -> (artifact id: 'a85bec50c8be757587fedfaade313866') in 0.001020 seconds
Number of updated asset objects reloaded before import = 0
Number of asset objects unloaded after import = 0
========================================================================
Received Import Request.
  Time since last request: 0.376026 seconds.
  path: Assets/Scenes/Game Scene.unity
  artifactKey: Guid(369ecdd306681304fa9dcc81f842032d) Importer(815301076,1909f56bfc062723c751e8b465ee728b)
Start importing Assets/Scenes/Game Scene.unity using Guid(369ecdd306681304fa9dcc81f842032d) Importer(815301076,1909f56bfc062723c751e8b465ee728b)  -> (artifact id: '68dafa573680163de85d6bcd29cc9bf2') in 0.000565 seconds
Number of updated asset objects reloaded before import = 0
Number of asset objects unloaded after import = 0
========================================================================
Received Import Request.
  Time since last request: 32.818213 seconds.
  path: Assets/Scripts/EventManger.cs
  artifactKey: Guid(ac54e5c30ad7e044da2b41d4f9c885eb) Importer(815301076,1909f56bfc062723c751e8b465ee728b)
Start importing Assets/Scripts/EventManger.cs using Guid(ac54e5c30ad7e044da2b41d4f9c885eb) Importer(815301076,1909f56bfc062723c751e8b465ee728b)  -> (artifact id: '0aaa2b7b5b4c3d11d1be171e91d7ba32') in 0.000596 seconds
Number of updated asset objects reloaded before import = 0
Number of asset objects unloaded after import = 0
========================================================================
Received Import Request.
  Time since last request: 100.880338 seconds.
  path: Assets/Rust Key
  artifactKey: Guid(d405edc58c3a54746ba724e18f744363) Importer(815301076,1909f56bfc062723c751e8b465ee728b)
Start importing Assets/Rust Key using Guid(d405edc58c3a54746ba724e18f744363) Importer(815301076,1909f56bfc062723c751e8b465ee728b)  -> (artifact id: '373bbdf8f9522a35c5a1a27cb772951d') in 0.000530 seconds
Number of updated asset objects reloaded before import = 0
Number of asset objects unloaded after import = 0
========================================================================
Received Import Request.
  Time since last request: 11.750128 seconds.
  path: Assets/Model/Models/Blink/Art/Animals/Stylized/Bear/Bear_Animations
  artifactKey: Guid(bc7dae0a88a9b3743b3d8db26f35f308) Importer(815301076,1909f56bfc062723c751e8b465ee728b)
Start importing Assets/Model/Models/Blink/Art/Animals/Stylized/Bear/Bear_Animations using Guid(bc7dae0a88a9b3743b3d8db26f35f308) Importer(815301076,1909f56bfc062723c751e8b465ee728b)  -> (artifact id: '8e3931d8f4706c224030e6ab02bd4918') in 0.000630 seconds
Number of updated asset objects reloaded before import = 0
Number of asset objects unloaded after import = 0
========================================================================
Received Import Request.
  Time since last request: 10.859730 seconds.
  path: Assets/Model/Models/Blink/Art/Animals/Stylized/Bear/Bear_Icons
  artifactKey: Guid(73c6b3989ae10564f92ec35ebdd31494) Importer(815301076,1909f56bfc062723c751e8b465ee728b)
Start importing Assets/Model/Models/Blink/Art/Animals/Stylized/Bear/Bear_Icons using Guid(73c6b3989ae10564f92ec35ebdd31494) Importer(815301076,1909f56bfc062723c751e8b465ee728b)  -> (artifact id: 'ffd322eb3643d21eafdbb2fd65ef6282') in 0.000656 seconds
Number of updated asset objects reloaded before import = 0
Number of asset objects unloaded after import = 0
========================================================================
Received Import Request.
  Time since last request: 0.639236 seconds.
  path: Assets/Model/Models/Blink/Art/Animals/Stylized/Bear/Bear_Materials
  artifactKey: Guid(4fa083c392449524a904b1dd25aa97ae) Importer(815301076,1909f56bfc062723c751e8b465ee728b)
Start importing Assets/Model/Models/Blink/Art/Animals/Stylized/Bear/Bear_Materials using Guid(4fa083c392449524a904b1dd25aa97ae) Importer(815301076,1909f56bfc062723c751e8b465ee728b)  -> (artifact id: '4a92d71540c694ddab2b968cb467e618') in 0.000645 seconds
Number of updated asset objects reloaded before import = 0
Number of asset objects unloaded after import = 0
========================================================================
Received Import Request.
  Time since last request: 2.445599 seconds.
  path: Assets/Model/Models/Blink/Art/Animals/Stylized/Bear/Bear_Meshes
  artifactKey: Guid(c9b2e892704b61c4f8222d0bd254c08c) Importer(815301076,1909f56bfc062723c751e8b465ee728b)
Start importing Assets/Model/Models/Blink/Art/Animals/Stylized/Bear/Bear_Meshes using Guid(c9b2e892704b61c4f8222d0bd254c08c) Importer(815301076,1909f56bfc062723c751e8b465ee728b)  -> (artifact id: 'cb04745543bfab510389c4b9d26f7292') in 0.000745 seconds
Number of updated asset objects reloaded before import = 0
Number of asset objects unloaded after import = 0
========================================================================
Received Import Request.
  Time since last request: 0.848997 seconds.
  path: Assets/Model/Models/Blink/Art/Animals/Stylized/Bear/Bear_Prefabs
  artifactKey: Guid(fd1f0b2fba998b740808cbc90d18d0ba) Importer(815301076,1909f56bfc062723c751e8b465ee728b)
Start importing Assets/Model/Models/Blink/Art/Animals/Stylized/Bear/Bear_Prefabs using Guid(fd1f0b2fba998b740808cbc90d18d0ba) Importer(815301076,1909f56bfc062723c751e8b465ee728b)  -> (artifact id: 'b2a8dc67fe616d9a43fcbd8cdc4be578') in 0.000628 seconds
Number of updated asset objects reloaded before import = 0
Number of asset objects unloaded after import = 0
========================================================================
Received Import Request.
  Time since last request: 16.781797 seconds.
  path: Assets/Model/Models/Rust Key/Prefabs
  artifactKey: Guid(51583b4ac38b90748b20a384ff8098db) Importer(815301076,1909f56bfc062723c751e8b465ee728b)
Start importing Assets/Model/Models/Rust Key/Prefabs using Guid(51583b4ac38b90748b20a384ff8098db) Importer(815301076,1909f56bfc062723c751e8b465ee728b)  -> (artifact id: 'e5dd4d152927f5ec5901269c1412c640') in 0.000741 seconds
Number of updated asset objects reloaded before import = 0
Number of asset objects unloaded after import = 0
========================================================================
Received Import Request.
  Time since last request: 34.976778 seconds.
  path: Assets/Model/Models/Blink/Art/Animals/Stylized/Bear/Bear_Icons/Bear3.png
  artifactKey: Guid(6054318fc678eef4e97655493b73c580) Importer(815301076,1909f56bfc062723c751e8b465ee728b)
Start importing Assets/Model/Models/Blink/Art/Animals/Stylized/Bear/Bear_Icons/Bear3.png using Guid(6054318fc678eef4e97655493b73c580) Importer(815301076,1909f56bfc062723c751e8b465ee728b)  -> (artifact id: '262ab4633c8f650170d47bffed465950') in 0.033228 seconds
Number of updated asset objects reloaded before import = 0
Number of asset objects unloaded after import = 3
========================================================================
Received Prepare
Begin MonoManager ReloadAssembly
- Loaded All Assemblies, in  0.325 seconds
Refreshing native plugins compatible for Editor in 2.30 ms, found 3 plugins.
Native extension for WindowsStandalone target not found
[Package Manager] Server::EnsureServerProcessIsRunning -- launch failed, reason: Unity was launched with the -noUpm command-line argument
[Package Manager] UpmClient::Send -- Unable to send message (not connected to UPM process).
[Package Manager] Cannot connect to Unity Package Manager local server
Mono: successfully reloaded assembly
- Finished resetting the current domain, in  0.621 seconds
Domain Reload Profiling: 943ms
	BeginReloadAssembly (113ms)
		ExecutionOrderSort (0ms)
		DisableScriptedObjects (3ms)
		BackupInstance (0ms)
		ReleaseScriptingObjects (0ms)
		CreateAndSetChildDomain (26ms)
	RebuildCommonClasses (21ms)
	RebuildNativeTypeToScriptingClass (8ms)
	initialDomainReloadingComplete (25ms)
	LoadAllAssembliesAndSetupDomain (154ms)
		LoadAssemblies (205ms)
		RebuildTransferFunctionScriptingTraits (0ms)
		AnalyzeDomain (8ms)
			TypeCache.Refresh (4ms)
				TypeCache.ScanAssembly (0ms)
			ScanForSourceGeneratedMonoScriptInfo (0ms)
			ResolveRequiredComponents (3ms)
	FinalizeReload (621ms)
		ReleaseScriptCaches (0ms)
		RebuildScriptCaches (0ms)
		SetupLoadedEditorAssemblies (272ms)
			LogAssemblyErrors (0ms)
			InitializePlatformSupportModulesInManaged (4ms)
			SetLoadedEditorAssemblies (4ms)
			RefreshPlugins (0ms)
			BeforeProcessingInitializeOnLoad (48ms)
			ProcessInitializeOnLoadAttributes (194ms)
			ProcessInitializeOnLoadMethodAttributes (16ms)
			AfterProcessingInitializeOnLoad (6ms)
			EditorAssembliesLoaded (0ms)
		ExecutionOrderSort2 (0ms)
		AwakeInstancesAfterBackupRestoration (5ms)
Refreshing native plugins compatible for Editor in 2.99 ms, found 3 plugins.
Preloading 0 native plugins for Editor in 0.00 ms.
Unloading 3141 Unused Serialized files (Serialized files now loaded: 0)
Unloading 23 unused Assets / (31.1 KB). Loaded Objects now: 3679.
Memory consumption went from 132.4 MB to 132.3 MB.
Total: 2.058200 ms (FindLiveObjects: 0.236700 ms CreateObjectMapping: 0.075100 ms MarkObjects: 1.703300 ms  DeleteObjects: 0.041900 ms)

Prepare: number of updated asset objects reloaded= 0
AssetImportParameters requested are different than current active one (requested -> active):
  custom:container-demuxer-ogg: 62fdf1f143b41e24485cea50d1cbac27 -> 
  custom:video-codec-MediaFoundation-h265: 746d11721c4dcdbdad8f713fa42b33f4 -> 
  custom:video-decoder-ogg-theora: a1e56fd34408186e4bbccfd4996cb3dc -> 
  custom:framework-win-MediaFoundation: 216162199b28c13a410421893ffa2e32 -> 
  custom:CustomObjectIndexerAttribute: 756ad292c208cfabdd7b50bc23989ffe -> 
  custom:container-demuxer-webm: 4f35f7cbe854078d1ac9338744f61a02 -> 
  custom:container-muxer-webm: aa71ff27fc2769a1b78a27578f13a17b -> 
  custom:video-decoder-webm-vp8: 9c59270c3fd7afecdb556c50c9e8de78 -> 
  custom:SearchIndexIgnoredProperties: e643bd26f0fe6173181afceb89e7c659 -> 
  custom:AudioImporter_EditorPlatform: d09bf68614088b80899f8185d706f6e7 -> 
  custom:video-encoder-webm-vp8: eb34c28f22e8b96e1ab97ce403110664 -> 
  custom:audio-decoder-ogg-vorbis: bf7c407c2cedff20999df2af8eb42d56 -> 
  custom:audio-encoder-webm-vorbis: bf7c407c2cedff20999df2af8eb42d56 -> 
